This is pdfTeX, Version 3.14159265-2.6-1.40.20 (TeX Live 2019/W32TeX) (preloaded format=pdflatex 2020.3.21)  29 MAR 2020 16:32
entering extended mode
 restricted \write18 enabled.
 file:line:error style messages enabled.
 %&-line parsing enabled.
**proposal_draft.tex
(./proposal_draft.tex
LaTeX2e <2020-02-02> patch level 5
L3 programming layer <2020-02-25> (./llncs.cls
Document Class: llncs 2018/03/10 v2.20 
 LaTeX document class for Lecture Notes in Computer Science
(c:/texlive/2019/texmf-dist/tex/latex/base/article.cls
Document Class: article 2019/12/20 v1.4l Standard LaTeX document class
(c:/texlive/2019/texmf-dist/tex/latex/base/size10.clo
File: size10.clo 2019/12/20 v1.4l Standard LaTeX file (size option)
)
\c@part=\count167
\c@section=\count168
\c@subsection=\count169
\c@subsubsection=\count170
\c@paragraph=\count171
\c@subparagraph=\count172
\c@figure=\count173
\c@table=\count174
\abovecaptionskip=\skip47
\belowcaptionskip=\skip48
\bibindent=\dimen134
) (c:/texlive/2019/texmf-dist/tex/latex/tools/multicol.sty
Package: multicol 2019/12/09 v1.8y multicolumn formatting (FMi)
\c@tracingmulticols=\count175
\mult@box=\box45
\multicol@leftmargin=\dimen135
\c@unbalance=\count176
\c@collectmore=\count177
\doublecol@number=\count178
\multicoltolerance=\count179
\multicolpretolerance=\count180
\full@width=\dimen136
\page@free=\dimen137
\premulticols=\dimen138
\postmulticols=\dimen139
\multicolsep=\skip49
\multicolbaselineskip=\skip50
\partial@page=\box46
\last@line=\box47
\maxbalancingoverflow=\dimen140
\mult@rightbox=\box48
\mult@grightbox=\box49
\mult@gfirstbox=\box50
\mult@firstbox=\box51
\@tempa=\box52
\@tempa=\box53
\@tempa=\box54
\@tempa=\box55
\@tempa=\box56
\@tempa=\box57
\@tempa=\box58
\@tempa=\box59
\@tempa=\box60
\@tempa=\box61
\@tempa=\box62
\@tempa=\box63
\@tempa=\box64
\@tempa=\box65
\@tempa=\box66
\@tempa=\box67
\@tempa=\box68
\@tempa=\box69
\@tempa=\box70
\@tempa=\box71
\@tempa=\box72
\@tempa=\box73
\@tempa=\box74
\@tempa=\box75
\@tempa=\box76
\@tempa=\box77
\@tempa=\box78
\@tempa=\box79
\@tempa=\box80
\@tempa=\box81
\@tempa=\box82
\@tempa=\box83
\@tempa=\box84
\@tempa=\box85
\@tempa=\box86
\@tempa=\box87
\@tempa=\box88
\c@minrows=\count181
\c@columnbadness=\count182
\c@finalcolumnbadness=\count183
\last@try=\dimen141
\multicolovershoot=\dimen142
\multicolundershoot=\dimen143
\mult@nat@firstbox=\box89
\colbreak@box=\box90
\mc@col@check@num=\count184
) (c:/texlive/2019/texmf-dist/tex/latex/oberdiek/aliascnt.sty
Package: aliascnt 2018/09/07 v1.5 Alias counters (HO)
)
\c@chapter=\count185
LaTeX Font Info:    Redeclaring math symbol \Gamma on input line 362.
LaTeX Font Info:    Redeclaring math symbol \Delta on input line 363.
LaTeX Font Info:    Redeclaring math symbol \Theta on input line 364.
LaTeX Font Info:    Redeclaring math symbol \Lambda on input line 365.
LaTeX Font Info:    Redeclaring math symbol \Xi on input line 366.
LaTeX Font Info:    Redeclaring math symbol \Pi on input line 367.
LaTeX Font Info:    Redeclaring math symbol \Sigma on input line 368.
LaTeX Font Info:    Redeclaring math symbol \Upsilon on input line 369.
LaTeX Font Info:    Redeclaring math symbol \Phi on input line 370.
LaTeX Font Info:    Redeclaring math symbol \Psi on input line 371.
LaTeX Font Info:    Redeclaring math symbol \Omega on input line 372.
\tocchpnum=\dimen144
\tocsecnum=\dimen145
\tocsectotal=\dimen146
\tocsubsecnum=\dimen147
\tocsubsectotal=\dimen148
\tocsubsubsecnum=\dimen149
\tocsubsubsectotal=\dimen150
\tocparanum=\dimen151
\tocparatotal=\dimen152
\tocsubparanum=\dimen153
\@tempcntc=\count186
\fnindent=\dimen154
\c@@inst=\count187
\c@@auth=\count188
\c@auco=\count189
\instindent=\dimen155
\authrun=\box91
\authorrunning=\toks15
\tocauthor=\toks16
\titrun=\box92
\titlerunning=\toks17
\toctitle=\toks18
\c@theorem=\count190
\c@case=\count191
\c@conjecture=\count192
\c@corollary=\count193
\c@definition=\count194
\c@example=\count195
\c@exercise=\count196
\c@lemma=\count197
\c@note=\count198
\c@problem=\count199
\c@property=\count266
\c@proposition=\count267
\c@question=\count268
\c@solution=\count269
\c@remark=\count270
\headlineindent=\dimen156
) (c:/texlive/2019/texmf-dist/tex/latex/float/float.sty
Package: float 2001/11/08 v1.3d Float enhancements (AL)
\c@float@type=\count271
\float@exts=\toks19
\float@box=\box93
\@float@everytoks=\toks20
\@floatcapt=\box94
) (c:/texlive/2019/texmf-dist/tex/latex/graphics/graphicx.sty
Package: graphicx 2019/11/30 v1.2a Enhanced LaTeX Graphics (DPC,SPQR)
 (c:/texlive/2019/texmf-dist/tex/latex/graphics/keyval.sty
Package: keyval 2014/10/28 v1.15 key=value parser (DPC)
\KV@toks@=\toks21
) (c:/texlive/2019/texmf-dist/tex/latex/graphics/graphics.sty
Package: graphics 2019/11/30 v1.4a Standard LaTeX Graphics (DPC,SPQR)
 (c:/texlive/2019/texmf-dist/tex/latex/graphics/trig.sty
Package: trig 2016/01/03 v1.10 sin cos tan (DPC)
) (c:/texlive/2019/texmf-dist/tex/latex/graphics-cfg/graphics.cfg
File: graphics.cfg 2016/06/04 v1.11 sample graphics configuration
)
Package graphics Info: Driver file: pdftex.def on input line 105.
 (c:/texlive/2019/texmf-dist/tex/latex/graphics-def/pdftex.def
File: pdftex.def 2018/01/08 v1.0l Graphics/color driver for pdftex
))
\Gin@req@height=\dimen157
\Gin@req@width=\dimen158
) (c:/texlive/2019/texmf-dist/tex/latex/booktabs/booktabs.sty
Package: booktabs 2020/01/12 v1.61803398 Publication quality tables
\heavyrulewidth=\dimen159
\lightrulewidth=\dimen160
\cmidrulewidth=\dimen161
\belowrulesep=\dimen162
\belowbottomsep=\dimen163
\aboverulesep=\dimen164
\abovetopsep=\dimen165
\cmidrulesep=\dimen166
\cmidrulekern=\dimen167
\defaultaddspace=\dimen168
\@cmidla=\count272
\@cmidlb=\count273
\@aboverulesep=\dimen169
\@belowrulesep=\dimen170
\@thisruleclass=\count274
\@lastruleclass=\count275
\@thisrulewidth=\dimen171
) (c:/texlive/2019/texmf-dist/tex/latex/multirow/multirow.sty
Package: multirow 2019/05/31 v2.5 Span multiple rows of a table
\multirow@colwidth=\skip51
\multirow@cntb=\count276
\multirow@dima=\skip52
\bigstrutjot=\dimen172
) (c:/texlive/2019/texmf-dist/tex/latex/l3backend/l3backend-pdfmode.def
File: l3backend-pdfmode.def 2020-02-23 L3 backend support: PDF mode
\l__kernel_color_stack_int=\count277
\l__pdf_internal_box=\box95
) (./proposal_draft.aux)
\openout1 = `proposal_draft.aux'.

LaTeX Font Info:    Checking defaults for OML/cmm/m/it on input line 27.
LaTeX Font Info:    ... okay on input line 27.
LaTeX Font Info:    Checking defaults for OMS/cmsy/m/n on input line 27.
LaTeX Font Info:    ... okay on input line 27.
LaTeX Font Info:    Checking defaults for OT1/cmr/m/n on input line 27.
LaTeX Font Info:    ... okay on input line 27.
LaTeX Font Info:    Checking defaults for T1/cmr/m/n on input line 27.
LaTeX Font Info:    ... okay on input line 27.
LaTeX Font Info:    Checking defaults for TS1/cmr/m/n on input line 27.
LaTeX Font Info:    ... okay on input line 27.
LaTeX Font Info:    Checking defaults for OMX/cmex/m/n on input line 27.
LaTeX Font Info:    ... okay on input line 27.
LaTeX Font Info:    Checking defaults for U/cmr/m/n on input line 27.
LaTeX Font Info:    ... okay on input line 27.
 (c:/texlive/2019/texmf-dist/tex/context/base/mkii/supp-pdf.mkii
[Loading MPS to PDF converter (version 2006.09.02).]
\scratchcounter=\count278
\scratchdimen=\dimen173
\scratchbox=\box96
\nofMPsegments=\count279
\nofMParguments=\count280
\everyMPshowfont=\toks22
\MPscratchCnt=\count281
\MPscratchDim=\dimen174
\MPnumerator=\count282
\makeMPintoPDFobject=\count283
\everyMPtoPDFconversion=\toks23
) (c:/texlive/2019/texmf-dist/tex/latex/epstopdf-pkg/epstopdf-base.sty
Package: epstopdf-base 2020-01-24 v2.11 Base part for package epstopdf
Package epstopdf-base Info: Redefining graphics rule for `.eps' on input line 485.
 (c:/texlive/2019/texmf-dist/tex/latex/latexconfig/epstopdf-sys.cfg
File: epstopdf-sys.cfg 2010/07/13 v1.3 Configuration of (r)epstopdf for TeX Live
))
LaTeX Font Info:    External font `cmex10' loaded for size
(Font)              <7> on input line 29.
LaTeX Font Info:    External font `cmex10' loaded for size
(Font)              <5> on input line 29.
LaTeX Font Info:    Trying to load font information for OMS+cmtt on input line 29.
LaTeX Font Info:    No file OMScmtt.fd. on input line 29.


LaTeX Font Warning: Font shape `OMS/cmtt/m/n' undefined
(Font)              using `OMS/cmsy/m/n' instead
(Font)              for symbol `textbraceleft' on input line 29.

[1

{c:/texlive/2019/texmf-var/fonts/map/pdftex/updmap/pdftex.map}]
Overfull \hbox (1.59131pt too wide) in paragraph at lines 69--70
 \OT1/cmr/bx/n/10 Mul-ti-vari-ate Mod-el-ing Tech-niques: Long Short Term Mem-ory (LSTM)
 []

[2]
<LSTM_graphic.png, id=17, 499.8675pt x 167.4255pt>
File: LSTM_graphic.png Graphic file (type png)
<use LSTM_graphic.png>
Package pdftex.def Info: LSTM_graphic.png  used on input line 75.
(pdftex.def)             Requested size: 260.34265pt x 87.20226pt.
 [3 <./LSTM_graphic.png>]

LaTeX Warning: Citation `doppler_lidar' on page 4 undefined on input line 96.


LaTeX Warning: Citation `leosphere_2017' on page 4 undefined on input line 96.

[4]
<apr_20_plot.png, id=24, 722.7pt x 542.025pt>
File: apr_20_plot.png Graphic file (type png)
<use apr_20_plot.png>
Package pdftex.def Info: apr_20_plot.png  used on input line 111.
(pdftex.def)             Requested size: 260.34265pt x 195.2529pt.
<apr_20_differenced.png, id=25, 722.7pt x 542.025pt>
File: apr_20_differenced.png Graphic file (type png)
<use apr_20_differenced.png>
Package pdftex.def Info: apr_20_differenced.png  used on input line 120.
(pdftex.def)             Requested size: 260.34265pt x 195.2529pt.
 [5 <./apr_20_plot.png>]
<apr_20_residuals.png, id=29, 722.7pt x 542.025pt>
File: apr_20_residuals.png Graphic file (type png)
<use apr_20_residuals.png>
Package pdftex.def Info: apr_20_residuals.png  used on input line 129.
(pdftex.def)             Requested size: 260.34265pt x 195.2529pt.
<apr_20_arima_forecasts.png, id=30, 722.7pt x 542.025pt>
File: apr_20_arima_forecasts.png Graphic file (type png)
<use apr_20_arima_forecasts.png>
Package pdftex.def Info: apr_20_arima_forecasts.png  used on input line 138.
(pdftex.def)             Requested size: 260.34265pt x 195.2529pt.

Underfull \vbox (badness 10000) has occurred while \output is active []

 [6 <./apr_20_differenced.png>] [7 <./apr_20_residuals.png> <./apr_20_arima_forecasts.png>]
<apr_20_var_residuals.png, id=39, 722.7pt x 542.025pt>
File: apr_20_var_residuals.png Graphic file (type png)
<use apr_20_var_residuals.png>
Package pdftex.def Info: apr_20_var_residuals.png  used on input line 151.
(pdftex.def)             Requested size: 260.34265pt x 195.2529pt.
<apr_20_var_forecasts.png, id=40, 722.7pt x 542.025pt>
File: apr_20_var_forecasts.png Graphic file (type png)
<use apr_20_var_forecasts.png>
Package pdftex.def Info: apr_20_var_forecasts.png  used on input line 160.
(pdftex.def)             Requested size: 260.34265pt x 195.2529pt.

Underfull \vbox (badness 10000) has occurred while \output is active []

 [8 <./apr_20_var_residuals.png>] [9 <./apr_20_var_forecasts.png>] [10] (./proposal_draft.bbl
Underfull \hbox (badness 10000) in paragraph at lines 26--29
[]\OT1/cmr/m/n/9 Energy, D.o.E.O.o.E.E., Re-new-able: WINDEx-change: U.S. In-
 []


Underfull \hbox (badness 10000) in paragraph at lines 26--29
\OT1/cmr/m/n/9 stalled and Po-ten-tial Wind Power Ca-pac-ity and Gen-er-a-tion (2020),
 []

) [11] (./proposal_draft.aux)

LaTeX Font Warning: Some font shapes were not available, defaults substituted.

 ) 
Here is how much of TeX's memory you used:
 1818 strings out of 480994
 25577 string characters out of 5916047
 270295 words of memory out of 5000000
 17336 multiletter control sequences out of 15000+600000
 534885 words of font info for 33 fonts, out of 8000000 for 9000
 1141 hyphenation exceptions out of 8191
 32i,5n,25p,1153b,244s stack positions out of 5000i,500n,10000p,200000b,80000s
<c:/texlive/2019/texmf-dist/fonts/type1/public/amsfonts/cm/cmbx10.pfb><c:/texlive/2019/texmf-dist/fonts/type1/public/amsfonts/cm/cmbx12.pfb><c:/texlive/2019/texmf-dist/fonts/type1/public/amsfonts/cm/cmbx9.pfb><c:/texlive/2019/texmf-dist/fonts/type1/public/amsfonts/cm/cmmi10.pfb><c:/texlive/2019/texmf-dist/fonts/type1/public/amsfonts/cm/cmr10.pfb><c:/texlive/2019/texmf-dist/fonts/type1/public/amsfonts/cm/cmr7.pfb><c:/texlive/2019/texmf-dist/fonts/type1/public/amsfonts/cm/cmr9.pfb><c:/texlive/2019/texmf-dist/fonts/type1/public/amsfonts/cm/cmsy9.pfb><c:/texlive/2019/texmf-dist/fonts/type1/public/amsfonts/cm/cmtt9.pfb>
Output written on proposal_draft.pdf (11 pages, 327985 bytes).
PDF statistics:
 83 PDF objects out of 1000 (max. 8388607)
 53 compressed objects within 1 object stream
 0 named destinations out of 1000 (max. 500000)
 36 words of extra memory for PDF output out of 10000 (max. 10000000)

